<?xml version="1.0" encoding="UTF-8"?>
<testsuite xmlns:xsi="http://www.w3.org/2001/XMLSchema-instance" xsi:noNamespaceSchemaLocation="https://maven.apache.org/surefire/maven-surefire-plugin/xsd/surefire-test-report-3.0.xsd" version="3.0" name="com.bb.domain.web.CountryControllerTest" time="6.573" tests="1" errors="0" skipped="0" failures="0">
  <properties>
[...]
</properties>
  <testcase name="shouldReturnPovertyIndicator" classname="com.bb.domain.web.CountryControllerTest" time="2.096">
    <system-out><![CDATA[2022-10-27 07:59:28,751 WARN  [io.qua.boo.res.mav.BootstrapMavenContext] (main) Settings problem encountered at /home/allan/.m2/settings.xml, line 31, column 11: org.apache.maven.settings.io.SettingsParseException: Unrecognised tag: 'build' (position: START_TAG seen ...<id>coverage</id>\n\t\t\t<build>... @31:11) 
	at org.apache.maven.settings.io.DefaultSettingsReader.read(DefaultSettingsReader.java:87)
	at org.apache.maven.settings.building.DefaultSettingsBuilder.readSettings(DefaultSettingsBuilder.java:182)
	at org.apache.maven.settings.building.DefaultSettingsBuilder.build(DefaultSettingsBuilder.java:108)
	at io.quarkus.bootstrap.resolver.maven.BootstrapMavenContext.getEffectiveSettings(BootstrapMavenContext.java:294)
	at io.quarkus.bootstrap.resolver.maven.BootstrapMavenContext.isOffline(BootstrapMavenContext.java:256)
	at io.quarkus.bootstrap.resolver.maven.BootstrapMavenContext.newRepositorySystem(BootstrapMavenContext.java:718)
	at io.quarkus.bootstrap.resolver.maven.BootstrapMavenContext.getRepositorySystem(BootstrapMavenContext.java:261)
	at io.quarkus.bootstrap.resolver.maven.MavenArtifactResolver.<init>(MavenArtifactResolver.java:115)
	at io.quarkus.bootstrap.BootstrapAppModelFactory.getAppModelResolver(BootstrapAppModelFactory.java:165)
	at io.quarkus.bootstrap.BootstrapAppModelFactory.resolveAppModel(BootstrapAppModelFactory.java:284)
	at io.quarkus.bootstrap.app.QuarkusBootstrap.bootstrap(QuarkusBootstrap.java:165)
	at io.quarkus.test.junit.AbstractJvmQuarkusTestExtension.createAugmentor(AbstractJvmQuarkusTestExtension.java:155)
	at io.quarkus.test.junit.QuarkusTestExtension.doJavaStart(QuarkusTestExtension.java:232)
	at io.quarkus.test.junit.QuarkusTestExtension.ensureStarted(QuarkusTestExtension.java:681)
	at io.quarkus.test.junit.QuarkusTestExtension.beforeAll(QuarkusTestExtension.java:729)
	at org.junit.jupiter.engine.descriptor.ClassBasedTestDescriptor.lambda$invokeBeforeAllCallbacks$12(ClassBasedTestDescriptor.java:395)
	at org.junit.platform.engine.support.hierarchical.ThrowableCollector.execute(ThrowableCollector.java:73)
	at org.junit.jupiter.engine.descriptor.ClassBasedTestDescriptor.invokeBeforeAllCallbacks(ClassBasedTestDescriptor.java:395)
	at org.junit.jupiter.engine.descriptor.ClassBasedTestDescriptor.before(ClassBasedTestDescriptor.java:211)
	at org.junit.jupiter.engine.descriptor.ClassBasedTestDescriptor.before(ClassBasedTestDescriptor.java:84)
	at org.junit.platform.engine.support.hierarchical.NodeTestTask.lambda$executeRecursively$6(NodeTestTask.java:148)
	at org.junit.platform.engine.support.hierarchical.ThrowableCollector.execute(ThrowableCollector.java:73)
	at org.junit.platform.engine.support.hierarchical.NodeTestTask.lambda$executeRecursively$8(NodeTestTask.java:141)
	at org.junit.platform.engine.support.hierarchical.Node.around(Node.java:137)
	at org.junit.platform.engine.support.hierarchical.NodeTestTask.lambda$executeRecursively$9(NodeTestTask.java:139)
	at org.junit.platform.engine.support.hierarchical.ThrowableCollector.execute(ThrowableCollector.java:73)
	at org.junit.platform.engine.support.hierarchical.NodeTestTask.executeRecursively(NodeTestTask.java:138)
	at org.junit.platform.engine.support.hierarchical.NodeTestTask.execute(NodeTestTask.java:95)
	at java.base/java.util.ArrayList.forEach(ArrayList.java:1511)
	at org.junit.platform.engine.support.hierarchical.SameThreadHierarchicalTestExecutorService.invokeAll(SameThreadHierarchicalTestExecutorService.java:41)
	at org.junit.platform.engine.support.hierarchical.NodeTestTask.lambda$executeRecursively$6(NodeTestTask.java:155)
	at org.junit.platform.engine.support.hierarchical.ThrowableCollector.execute(ThrowableCollector.java:73)
	at org.junit.platform.engine.support.hierarchical.NodeTestTask.lambda$executeRecursively$8(NodeTestTask.java:141)
	at org.junit.platform.engine.support.hierarchical.Node.around(Node.java:137)
	at org.junit.platform.engine.support.hierarchical.NodeTestTask.lambda$executeRecursively$9(NodeTestTask.java:139)
	at org.junit.platform.engine.support.hierarchical.ThrowableCollector.execute(ThrowableCollector.java:73)
	at org.junit.platform.engine.support.hierarchical.NodeTestTask.executeRecursively(NodeTestTask.java:138)
	at org.junit.platform.engine.support.hierarchical.NodeTestTask.execute(NodeTestTask.java:95)
	at org.junit.platform.engine.support.hierarchical.SameThreadHierarchicalTestExecutorService.submit(SameThreadHierarchicalTestExecutorService.java:35)
	at org.junit.platform.engine.support.hierarchical.HierarchicalTestExecutor.execute(HierarchicalTestExecutor.java:57)
	at org.junit.platform.engine.support.hierarchical.HierarchicalTestEngine.execute(HierarchicalTestEngine.java:54)
	at org.junit.platform.launcher.core.EngineExecutionOrchestrator.execute(EngineExecutionOrchestrator.java:147)
	at org.junit.platform.launcher.core.EngineExecutionOrchestrator.execute(EngineExecutionOrchestrator.java:127)
	at org.junit.platform.launcher.core.EngineExecutionOrchestrator.execute(EngineExecutionOrchestrator.java:90)
	at org.junit.platform.launcher.core.EngineExecutionOrchestrator.lambda$execute$0(EngineExecutionOrchestrator.java:55)
	at org.junit.platform.launcher.core.EngineExecutionOrchestrator.withInterceptedStreams(EngineExecutionOrchestrator.java:102)
	at org.junit.platform.launcher.core.EngineExecutionOrchestrator.execute(EngineExecutionOrchestrator.java:54)
	at org.junit.platform.launcher.core.DefaultLauncher.execute(DefaultLauncher.java:114)
	at org.junit.platform.launcher.core.DefaultLauncher.execute(DefaultLauncher.java:86)
	at org.junit.platform.launcher.core.DefaultLauncherSession$DelegatingLauncher.execute(DefaultLauncherSession.java:86)
	at org.apache.maven.surefire.junitplatform.LazyLauncher.execute(LazyLauncher.java:55)
	at org.apache.maven.surefire.junitplatform.JUnitPlatformProvider.execute(JUnitPlatformProvider.java:223)
	at org.apache.maven.surefire.junitplatform.JUnitPlatformProvider.invokeAllTests(JUnitPlatformProvider.java:175)
	at org.apache.maven.surefire.junitplatform.JUnitPlatformProvider.invoke(JUnitPlatformProvider.java:139)
	at org.apache.maven.surefire.booter.ForkedBooter.runSuitesInProcess(ForkedBooter.java:456)
	at org.apache.maven.surefire.booter.ForkedBooter.execute(ForkedBooter.java:169)
	at org.apache.maven.surefire.booter.ForkedBooter.run(ForkedBooter.java:595)
	at org.apache.maven.surefire.booter.ForkedBooter.main(ForkedBooter.java:581)
Caused by: org.codehaus.plexus.util.xml.pull.XmlPullParserException: Unrecognised tag: 'build' (position: START_TAG seen ...<id>coverage</id>\n\t\t\t<build>... @31:11) 
	at org.apache.maven.settings.io.xpp3.SettingsXpp3Reader.checkUnknownElement(SettingsXpp3Reader.java:149)
	at org.apache.maven.settings.io.xpp3.SettingsXpp3Reader.parseProfile(SettingsXpp3Reader.java:1012)
	at org.apache.maven.settings.io.xpp3.SettingsXpp3Reader.parseSettings(SettingsXpp3Reader.java:1436)
	at org.apache.maven.settings.io.xpp3.SettingsXpp3Reader.read(SettingsXpp3Reader.java:1548)
	at org.apache.maven.settings.io.xpp3.SettingsXpp3Reader.read(SettingsXpp3Reader.java:566)
	at org.apache.maven.settings.io.xpp3.SettingsXpp3Reader.read(SettingsXpp3Reader.java:595)
	at org.apache.maven.settings.io.DefaultSettingsReader.read(DefaultSettingsReader.java:83)
	... 57 more

2022-10-27 07:59:31,843 INFO  [org.ecl.jet.uti.log] (pool-3-thread-1) Logging initialized @4094ms to org.eclipse.jetty.util.log.Slf4jLog
2022-10-27 07:59:32,119 INFO  [org.ecl.jet.ser.Server] (pool-3-thread-1) jetty-9.4.46.v20220331; built: 2022-03-31T16:38:08.030Z; git: bc17a0369a11ecf40bb92c839b9ef0a8ac50ea18; jvm 17.0.1+12-LTS-39
2022-10-27 07:59:32,133 INFO  [org.ecl.jet.ser.han.ContextHandler] (pool-3-thread-1) Started o.e.j.s.ServletContextHandler@331b7537{/__admin,null,AVAILABLE}
2022-10-27 07:59:32,141 INFO  [org.ecl.jet.ser.han.Con.ROOT] (pool-3-thread-1) RequestHandlerClass from context returned com.github.tomakehurst.wiremock.http.StubRequestHandler. Normalized mapped under returned 'null'
2022-10-27 07:59:32,143 INFO  [org.ecl.jet.ser.han.ContextHandler] (pool-3-thread-1) Started o.e.j.s.ServletContextHandler@78ef6082{/,null,AVAILABLE}
2022-10-27 07:59:32,161 INFO  [org.ecl.jet.ser.AbstractConnector] (pool-3-thread-1) Started NetworkTrafficServerConnector@213c7491{HTTP/1.1, (http/1.1, h2c)}{0.0.0.0:9569}
2022-10-27 07:59:32,161 INFO  [org.ecl.jet.ser.Server] (pool-3-thread-1) Started @4414ms
2022-10-27 07:59:32,951 INFO  [io.quarkus] (main) poverty-indicator 1.0.0-SNAPSHOT on JVM (powered by Quarkus 2.13.3.Final) started in 2.605s. Listening on: http://localhost:8081
2022-10-27 07:59:32,951 INFO  [io.quarkus] (main) Profile test activated. 
2022-10-27 07:59:32,951 INFO  [io.quarkus] (main) Installed features: [cdi, rest-client, rest-client-jackson, resteasy, resteasy-jackson, resteasy-jaxb, smallrye-context-propagation, smallrye-health, smallrye-openapi, swagger-ui, vertx]
[
    {
        "country": "Aruba",
        "code": "ABW"
    }
]
]]></system-out>
  </testcase>
</testsuite>